c:\users\ezzas\source\repos\ssteamlauncher\ssteamlauncher\x64\debug\vc142.pdb
c:\users\ezzas\source\repos\ssteamlauncher\ssteamlauncher\x64\debug\vc142.idb
c:\users\ezzas\source\repos\ssteamlauncher\ssteamlauncher\x64\debug\ssteamlauncher.obj
c:\users\ezzas\source\repos\ssteamlauncher\ssteamlauncher\x64\debug\ssteam.obj
c:\users\ezzas\source\repos\ssteamlauncher\ssteamlauncher\x64\debug\ssteamlauncher.ilk
c:\users\ezzas\source\repos\ssteamlauncher\x64\debug\ssteamlauncher.exe
c:\users\ezzas\source\repos\ssteamlauncher\x64\debug\ssteamlauncher.pdb
o:\github\steamlauncher\ssteamlauncher\x64\debug\ssteam.obj
o:\github\steamlauncher\ssteamlauncher\x64\debug\ssteamlauncher.obj
o:\github\steamlauncher\ssteamlauncher\x64\debug\ssteamlauncher.ilk
o:\github\steamlauncher\ssteamlauncher\x64\debug\vc142.idb
o:\github\steamlauncher\ssteamlauncher\x64\debug\vc142.pdb
o:\github\steamlauncher\x64\debug\ssteamlauncher.pdb
o:\github\steamlauncher\x64\debug\ssteamlauncher.exe
o:\github\steamlauncher\ssteamlauncher\x64\debug\ssteamlauncher.tlog\cl.command.1.tlog
o:\github\steamlauncher\ssteamlauncher\x64\debug\ssteamlauncher.tlog\cl.read.1.tlog
o:\github\steamlauncher\ssteamlauncher\x64\debug\ssteamlauncher.tlog\cl.write.1.tlog
o:\github\steamlauncher\ssteamlauncher\x64\debug\ssteamlauncher.tlog\link.command.1.tlog
o:\github\steamlauncher\ssteamlauncher\x64\debug\ssteamlauncher.tlog\link.read.1.tlog
o:\github\steamlauncher\ssteamlauncher\x64\debug\ssteamlauncher.tlog\link.write.1.tlog
